13:15:27: Creating resource group General
13:15:27: Creating resource group Internal
13:15:27: Creating resource group Autodetect
13:15:27: SceneManagerFactory for type 'DefaultSceneManager' registered.
13:15:27: Registering ResourceManager for type Material
13:15:27: Registering ResourceManager for type Mesh
13:15:27: Registering ResourceManager for type Skeleton
13:15:27: MovableObjectFactory for type 'ParticleSystem' registered.
13:15:27: ArchiveFactory for archive type FileSystem registered.
13:15:27: ArchiveFactory for archive type Zip registered.
13:15:27: ArchiveFactory for archive type EmbeddedZip registered.
13:15:27: DDS codec registering
13:15:27: FreeImage version: 3.15.4
13:15:27: This program uses FreeImage, a free, open source image library supporting all common bitmap formats. See http://freeimage.sourceforge.net for details
13:15:27: Supported formats: bmp,ico,jpg,jif,jpeg,jpe,jng,koa,iff,lbm,mng,pbm,pbm,pcd,pcx,pgm,pgm,png,ppm,ppm,ras,tga,targa,tif,tiff,wap,wbmp,wbm,psd,cut,xbm,xpm,gif,hdr,g3,sgi,exr,j2k,j2c,jp2,pfm,pct,pict,pic,3fr,arw,bay,bmq,cap,cine,cr2,crw,cs1,dc2,dcr,drf,dsc,dng,erf,fff,ia,iiq,k25,kc2,kdc,mdc,mef,mos,mrw,nef,nrw,orf,pef,ptx,pxn,qtk,raf,raw,rdc,rw2,rwl,rwz,sr2,srf,srw,sti
13:15:27: Registering ResourceManager for type HighLevelGpuProgram
13:15:27: Registering ResourceManager for type Compositor
13:15:27: MovableObjectFactory for type 'Entity' registered.
13:15:27: MovableObjectFactory for type 'Light' registered.
13:15:27: MovableObjectFactory for type 'BillboardSet' registered.
13:15:27: MovableObjectFactory for type 'ManualObject' registered.
13:15:27: MovableObjectFactory for type 'BillboardChain' registered.
13:15:27: MovableObjectFactory for type 'RibbonTrail' registered.
13:15:27: Loading library /usr/local/lib/OGRE/RenderSystem_GL
13:15:27: Installing plugin: GL RenderSystem
13:15:27: OpenGL Rendering Subsystem created.
13:15:27: Plugin successfully installed
13:15:27: Loading library /usr/local/lib/OGRE/Plugin_ParticleFX
13:15:27: Installing plugin: ParticleFX
13:15:27: Particle Emitter Type 'Point' registered
13:15:27: Particle Emitter Type 'Box' registered
13:15:27: Particle Emitter Type 'Ellipsoid' registered
13:15:27: Particle Emitter Type 'Cylinder' registered
13:15:27: Particle Emitter Type 'Ring' registered
13:15:27: Particle Emitter Type 'HollowEllipsoid' registered
13:15:27: Particle Affector Type 'LinearForce' registered
13:15:27: Particle Affector Type 'ColourFader' registered
13:15:27: Particle Affector Type 'ColourFader2' registered
13:15:27: Particle Affector Type 'ColourImage' registered
13:15:27: Particle Affector Type 'ColourInterpolator' registered
13:15:27: Particle Affector Type 'Scaler' registered
13:15:27: Particle Affector Type 'Rotator' registered
13:15:27: Particle Affector Type 'DirectionRandomiser' registered
13:15:27: Particle Affector Type 'DeflectorPlane' registered
13:15:27: Plugin successfully installed
13:15:27: Loading library /usr/local/lib/OGRE/Plugin_CgProgramManager
13:15:27: Installing plugin: Cg Program Manager
13:15:27: Plugin successfully installed
13:15:27: *-*-* OGRE Initialising
13:15:27: *-*-* Version 1.9.0 (Ghadamon)
13:15:27: Creating resource group Essential
13:15:27: Added resource location 'Media/packs/SdkTrays.zip' of type 'Zip' to resource group 'Essential'
13:15:27: Added resource location 'Media/packs/cubemapsJS.zip' of type 'Zip' to resource group 'Essential'
13:15:27: Creating resource group Fonts
13:15:27: Added resource location 'GUI/fonts' of type 'FileSystem' to resource group 'Fonts'
13:15:27: Added resource location 'Media' of type 'FileSystem' to resource group 'General'
13:15:27: Added resource location 'Media/materials/scripts' of type 'FileSystem' to resource group 'General'
13:15:27: Added resource location 'Media/materials/textures' of type 'FileSystem' to resource group 'General'
13:15:27: Added resource location 'Media/models' of type 'FileSystem' to resource group 'General'
13:15:27: Added resource location 'Media/particle' of type 'FileSystem' to resource group 'General'
13:15:27: Added resource location 'Media/materials/programs' of type 'FileSystem' to resource group 'General'
13:15:27: Added resource location 'Media/models/len1' of type 'FileSystem' to resource group 'General'
13:15:27: Added resource location 'Media/models/len2' of type 'FileSystem' to resource group 'General'
13:15:27: Added resource location 'Media/models/len3' of type 'FileSystem' to resource group 'General'
13:15:27: Added resource location 'Media/models/len4' of type 'FileSystem' to resource group 'General'
13:15:27: Creating resource group Imagesets
13:15:27: Added resource location 'GUI/imagesets' of type 'FileSystem' to resource group 'Imagesets'
13:15:27: Creating resource group Layouts
13:15:27: Added resource location 'GUI/layouts' of type 'FileSystem' to resource group 'Layouts'
13:15:27: Creating resource group LookNFeel
13:15:27: Added resource location 'GUI/looknfeel' of type 'FileSystem' to resource group 'LookNFeel'
13:15:27: Creating resource group Lua_scripts
13:15:27: Added resource location 'GUI/lua_scripts' of type 'FileSystem' to resource group 'Lua_scripts'
13:15:27: Creating resource group Schemes
13:15:27: Added resource location 'GUI/schemes' of type 'FileSystem' to resource group 'Schemes'
13:15:29: CPU Identifier & Features
13:15:29: -------------------------
13:15:29:  *   CPU ID: GenuineIntel: Intel(R) Core(TM) i7-4510U CPU @ 2.00GHz
13:15:29:  *      SSE: yes
13:15:29:  *     SSE2: yes
13:15:29:  *     SSE3: yes
13:15:29:  *      MMX: yes
13:15:29:  *   MMXEXT: yes
13:15:29:  *    3DNOW: no
13:15:29:  * 3DNOWEXT: no
13:15:29:  *     CMOV: yes
13:15:29:  *      TSC: yes
13:15:29:  *      FPU: yes
13:15:29:  *      PRO: yes
13:15:29:  *       HT: no
13:15:29: -------------------------
13:15:29: ******************************
*** Starting GLX Subsystem ***
******************************
13:15:29: Registering ResourceManager for type Texture
13:15:29: GLRenderSystem::_createRenderWindow "BattleShips3D", 1920x1080 fullscreen  miscParams: FSAA=0 displayFrequency=60 Hz gamma=No vsync=Yes 
13:15:29: GLXWindow::create used FBConfigID = 121
13:15:29: GL_VERSION = 3.0 Mesa 11.0.2
13:15:29: GL_VENDOR = Intel Open Source Technology Center
13:15:29: GL_RENDERER = Mesa DRI Intel(R) Haswell Mobile 
13:15:29: GL_EXTENSIONS = GL_ARB_multisample GL_EXT_abgr GL_EXT_bgra GL_EXT_blend_color GL_EXT_blend_minmax GL_EXT_blend_subtract GL_EXT_copy_texture GL_EXT_polygon_offset GL_EXT_subtexture GL_EXT_texture_object GL_EXT_vertex_array GL_EXT_compiled_vertex_array GL_EXT_texture GL_EXT_texture3D GL_IBM_rasterpos_clip GL_ARB_point_parameters GL_EXT_draw_range_elements GL_EXT_packed_pixels GL_EXT_point_parameters GL_EXT_rescale_normal GL_EXT_separate_specular_color GL_EXT_texture_edge_clamp GL_SGIS_generate_mipmap GL_SGIS_texture_border_clamp GL_SGIS_texture_edge_clamp GL_SGIS_texture_lod GL_ARB_framebuffer_sRGB GL_ARB_multitexture GL_EXT_framebuffer_sRGB GL_IBM_multimode_draw_arrays GL_IBM_texture_mirrored_repeat GL_3DFX_texture_compression_FXT1 GL_ARB_texture_cube_map GL_ARB_texture_env_add GL_ARB_transpose_matrix GL_EXT_blend_func_separate GL_EXT_fog_coord GL_EXT_multi_draw_arrays GL_EXT_secondary_color GL_EXT_texture_env_add GL_EXT_texture_filter_anisotropic GL_EXT_texture_lod_bias GL_INGR_blend_func_separate GL_NV_blend_square GL_NV_light_max_exponent GL_NV_texgen_reflection GL_NV_texture_env_combine4 GL_S3_s3tc GL_SUN_multi_draw_arrays GL_ARB_texture_border_clamp GL_ARB_texture_compression GL_EXT_framebuffer_object GL_EXT_texture_compression_s3tc GL_EXT_texture_env_combine GL_EXT_texture_env_dot3 GL_MESA_window_pos GL_NV_packed_depth_stencil GL_NV_texture_rectangle GL_ARB_depth_texture GL_ARB_occlusion_query GL_ARB_shadow GL_ARB_texture_env_combine GL_ARB_texture_env_crossbar GL_ARB_texture_env_dot3 GL_ARB_texture_mirrored_repeat GL_ARB_window_pos GL_EXT_stencil_two_side GL_EXT_texture_cube_map GL_NV_depth_clamp GL_APPLE_packed_pixels GL_APPLE_vertex_array_object GL_ARB_draw_buffers GL_ARB_fragment_program GL_ARB_fragment_shader GL_ARB_shader_objects GL_ARB_vertex_program GL_ARB_vertex_shader GL_ATI_draw_buffers GL_ATI_texture_env_combine3 GL_ATI_texture_float GL_EXT_shadow_funcs GL_EXT_stencil_wrap GL_MESA_pack_invert GL_NV_primitive_restart GL_ARB_depth_clamp GL_ARB_fragment_program_shadow GL_ARB_half_float_pixel GL_ARB_occlusion_query2 GL_ARB_point_sprite GL_ARB_shading_language_100 GL_ARB_sync GL_ARB_texture_non_power_of_two GL_ARB_vertex_buffer_object GL_ATI_blend_equation_separate GL_EXT_blend_equation_separate GL_OES_read_format GL_ARB_color_buffer_float GL_ARB_pixel_buffer_object GL_ARB_texture_compression_rgtc GL_ARB_texture_float GL_ARB_texture_rectangle GL_EXT_packed_float GL_EXT_pixel_buffer_object GL_EXT_texture_compression_dxt1 GL_EXT_texture_compression_rgtc GL_EXT_texture_rectangle GL_EXT_texture_sRGB GL_EXT_texture_shared_exponent GL_ARB_framebuffer_object GL_EXT_framebuffer_blit GL_EXT_framebuffer_multisample GL_EXT_packed_depth_stencil GL_APPLE_object_purgeable GL_ARB_vertex_array_object GL_ATI_separate_stencil GL_EXT_draw_buffers2 GL_EXT_draw_instanced GL_EXT_gpu_program_parameters GL_EXT_texture_array GL_EXT_texture_integer GL_EXT_texture_sRGB_decode GL_EXT_timer_query GL_OES_EGL_image GL_AMD_performance_monitor GL_ARB_copy_buffer GL_ARB_depth_buffer_float GL_ARB_draw_instanced GL_ARB_half_float_vertex GL_ARB_instanced_arrays GL_ARB_map_buffer_range GL_ARB_texture_rg GL_ARB_texture_swizzle GL_ARB_vertex_array_bgra GL_EXT_texture_swizzle GL_EXT_vertex_array_bgra GL_NV_conditional_render GL_AMD_conservative_depth GL_AMD_draw_buffers_blend GL_AMD_seamless_cubemap_per_texture GL_ARB_ES2_compatibility GL_ARB_blend_func_extended GL_ARB_debug_output GL_ARB_draw_buffers_blend GL_ARB_draw_elements_base_vertex GL_ARB_explicit_attrib_location GL_ARB_fragment_coord_conventions GL_ARB_provoking_vertex GL_ARB_sample_shading GL_ARB_sampler_objects GL_ARB_seamless_cube_map GL_ARB_shader_texture_lod GL_ARB_texture_cube_map_array GL_ARB_texture_gather GL_ARB_texture_multisample GL_ARB_texture_query_lod GL_ARB_texture_rgb10_a2ui GL_ARB_uniform_buffer_object GL_ARB_vertex_type_2_10_10_10_rev GL_EXT_provoking_vertex GL_EXT_texture_snorm GL_MESA_texture_signed_rgba GL_ARB_get_program_binary GL_ARB_robustness GL_ARB_separate_shader_objects GL_ARB_shader_bit_encoding GL_ARB_texture_compression_bptc GL_ARB_timer_query GL_ARB_transform_feedback2 GL_ARB_transform_feedback3 GL_ANGLE_texture_compression_dxt3 GL_ANGLE_texture_compression_dxt5 GL_ARB_compressed_texture_pixel_storage GL_ARB_conservative_depth GL_ARB_internalformat_query GL_ARB_map_buffer_alignment GL_ARB_shader_atomic_counters GL_ARB_shader_image_load_store GL_ARB_shading_language_420pack GL_ARB_shading_language_packing GL_ARB_texture_storage GL_ARB_transform_feedback_instanced GL_EXT_framebuffer_multisample_blit_scaled GL_EXT_transform_feedback GL_AMD_shader_trinary_minmax GL_ARB_ES3_compatibility GL_ARB_clear_buffer_object GL_ARB_copy_image GL_ARB_explicit_uniform_location GL_ARB_framebuffer_no_attachments GL_ARB_invalidate_subdata GL_ARB_program_interface_query GL_ARB_shader_image_size GL_ARB_texture_query_levels GL_ARB_texture_storage_multisample GL_ARB_texture_view GL_ARB_vertex_attrib_binding GL_KHR_debug GL_ARB_buffer_storage GL_ARB_clear_texture GL_ARB_multi_bind GL_ARB_seamless_cubemap_per_texture GL_ARB_texture_mirror_clamp_to_edge GL_ARB_vertex_type_10f_11f_11f_rev GL_EXT_shader_integer_mix GL_INTEL_performance_query GL_ARB_clip_control GL_ARB_conditional_render_inverted GL_ARB_derivative_control GL_ARB_get_texture_sub_image GL_ARB_pipeline_statistics_query GL_EXT_polygon_offset_clamp GL_KHR_context_flush_control 
13:15:29: Supported GLX extensions: GLX_ARB_create_context GLX_ARB_create_context_profile GLX_ARB_create_context_robustness GLX_ARB_fbconfig_float GLX_ARB_framebuffer_sRGB GLX_ARB_get_proc_address GLX_ARB_multisample GLX_EXT_import_context GLX_EXT_visual_info GLX_EXT_visual_rating GLX_EXT_framebuffer_sRGB GLX_EXT_create_context_es2_profile GLX_MESA_copy_sub_buffer GLX_MESA_multithread_makecurrent GLX_MESA_query_renderer GLX_MESA_swap_control GLX_OML_swap_method GLX_OML_sync_control GLX_SGI_make_current_read GLX_SGI_swap_control GLX_SGI_video_sync GLX_SGIS_multisample GLX_SGIX_fbconfig GLX_SGIX_pbuffer GLX_SGIX_visual_select_group GLX_EXT_texture_from_pixmap GLX_INTEL_swap_event 
13:15:29: ***************************
13:15:29: *** GL Renderer Started ***
13:15:29: ***************************
13:15:29: Registering ResourceManager for type GpuProgram
13:15:29: GLSL support detected
13:15:29: GL: Using GL_EXT_framebuffer_object for rendering to textures (best)
13:15:29: FBO PF_UNKNOWN depth/stencil support: D0S1 D0S4 D0S8 D0S16 D16S0 D16S1 D16S4 D16S8 D16S16 D24S0 D24S1 D24S4 D24S8 D24S16 D32S0 D32S1 D32S4 D32S8 D32S16 Packed-D24S8 
13:15:29: FBO PF_L8 depth/stencil support: D0S0 D0S1 D0S4 D0S8 D0S16 D16S0 D16S1 D16S4 D16S8 D16S16 D24S0 D24S1 D24S4 D24S8 D24S16 D32S0 D32S1 D32S4 D32S8 D32S16 Packed-D24S8 
13:15:29: FBO PF_L16 depth/stencil support: D0S0 D0S1 D0S4 D0S8 D0S16 D16S0 D16S1 D16S4 D16S8 D16S16 D24S0 D24S1 D24S4 D24S8 D24S16 D32S0 D32S1 D32S4 D32S8 D32S16 Packed-D24S8 
13:15:29: FBO PF_A8 depth/stencil support: D0S0 D0S1 D0S4 D0S8 D0S16 D16S0 D16S1 D16S4 D16S8 D16S16 D24S0 D24S1 D24S4 D24S8 D24S16 D32S0 D32S1 D32S4 D32S8 D32S16 Packed-D24S8 
13:15:29: FBO PF_R5G6B5 depth/stencil support: D0S0 D0S1 D0S4 D0S8 D0S16 D16S0 D16S1 D16S4 D16S8 D16S16 D24S0 D24S1 D24S4 D24S8 D24S16 D32S0 D32S1 D32S4 D32S8 D32S16 Packed-D24S8 
13:15:29: FBO PF_B5G6R5 depth/stencil support: D0S0 D0S1 D0S4 D0S8 D0S16 D16S0 D16S1 D16S4 D16S8 D16S16 D24S0 D24S1 D24S4 D24S8 D24S16 D32S0 D32S1 D32S4 D32S8 D32S16 Packed-D24S8 
13:15:29: FBO PF_A4R4G4B4 depth/stencil support: D0S0 D0S1 D0S4 D0S8 D0S16 D16S0 D16S1 D16S4 D16S8 D16S16 D24S0 D24S1 D24S4 D24S8 D24S16 D32S0 D32S1 D32S4 D32S8 D32S16 Packed-D24S8 
13:15:29: FBO PF_A1R5G5B5 depth/stencil support: D0S0 D0S1 D0S4 D0S8 D0S16 D16S0 D16S1 D16S4 D16S8 D16S16 D24S0 D24S1 D24S4 D24S8 D24S16 D32S0 D32S1 D32S4 D32S8 D32S16 Packed-D24S8 
13:15:29: FBO PF_R8G8B8 depth/stencil support: D0S0 D0S1 D0S4 D0S8 D0S16 D16S0 D16S1 D16S4 D16S8 D16S16 D24S0 D24S1 D24S4 D24S8 D24S16 D32S0 D32S1 D32S4 D32S8 D32S16 Packed-D24S8 
13:15:29: FBO PF_B8G8R8 depth/stencil support: D0S0 D0S1 D0S4 D0S8 D0S16 D16S0 D16S1 D16S4 D16S8 D16S16 D24S0 D24S1 D24S4 D24S8 D24S16 D32S0 D32S1 D32S4 D32S8 D32S16 Packed-D24S8 
13:15:29: FBO PF_A8R8G8B8 depth/stencil support: D0S0 D0S1 D0S4 D0S8 D0S16 D16S0 D16S1 D16S4 D16S8 D16S16 D24S0 D24S1 D24S4 D24S8 D24S16 D32S0 D32S1 D32S4 D32S8 D32S16 Packed-D24S8 
13:15:29: FBO PF_B8G8R8A8 depth/stencil support: D0S0 D0S1 D0S4 D0S8 D0S16 D16S0 D16S1 D16S4 D16S8 D16S16 D24S0 D24S1 D24S4 D24S8 D24S16 D32S0 D32S1 D32S4 D32S8 D32S16 Packed-D24S8 
13:15:29: FBO PF_A2R10G10B10 depth/stencil support: D0S0 D0S1 D0S4 D0S8 D0S16 D16S0 D16S1 D16S4 D16S8 D16S16 D24S0 D24S1 D24S4 D24S8 D24S16 D32S0 D32S1 D32S4 D32S8 D32S16 Packed-D24S8 
13:15:29: FBO PF_A2B10G10R10 depth/stencil support: D0S0 D0S1 D0S4 D0S8 D0S16 D16S0 D16S1 D16S4 D16S8 D16S16 D24S0 D24S1 D24S4 D24S8 D24S16 D32S0 D32S1 D32S4 D32S8 D32S16 Packed-D24S8 
13:15:29: FBO PF_FLOAT16_RGB depth/stencil support: D0S0 D0S1 D0S4 D0S8 D0S16 D16S0 D16S1 D16S4 D16S8 D16S16 D24S0 D24S1 D24S4 D24S8 D24S16 D32S0 D32S1 D32S4 D32S8 D32S16 Packed-D24S8 
13:15:29: FBO PF_FLOAT16_RGBA depth/stencil support: D0S0 D0S1 D0S4 D0S8 D0S16 D16S0 D16S1 D16S4 D16S8 D16S16 D24S0 D24S1 D24S4 D24S8 D24S16 D32S0 D32S1 D32S4 D32S8 D32S16 Packed-D24S8 
13:15:29: FBO PF_FLOAT32_RGBA depth/stencil support: D0S0 D0S1 D0S4 D0S8 D0S16 D16S0 D16S1 D16S4 D16S8 D16S16 D24S0 D24S1 D24S4 D24S8 D24S16 D32S0 D32S1 D32S4 D32S8 D32S16 Packed-D24S8 
13:15:29: FBO PF_X8R8G8B8 depth/stencil support: D0S0 D0S1 D0S4 D0S8 D0S16 D16S0 D16S1 D16S4 D16S8 D16S16 D24S0 D24S1 D24S4 D24S8 D24S16 D32S0 D32S1 D32S4 D32S8 D32S16 Packed-D24S8 
13:15:29: FBO PF_X8B8G8R8 depth/stencil support: D0S0 D0S1 D0S4 D0S8 D0S16 D16S0 D16S1 D16S4 D16S8 D16S16 D24S0 D24S1 D24S4 D24S8 D24S16 D32S0 D32S1 D32S4 D32S8 D32S16 Packed-D24S8 
13:15:29: FBO PF_SHORT_RGBA depth/stencil support: D0S0 D0S1 D0S4 D0S8 D0S16 D16S0 D16S1 D16S4 D16S8 D16S16 D24S0 D24S1 D24S4 D24S8 D24S16 D32S0 D32S1 D32S4 D32S8 D32S16 Packed-D24S8 
13:15:29: FBO PF_R3G3B2 depth/stencil support: D0S0 D0S1 D0S4 D0S8 D0S16 D16S0 D16S1 D16S4 D16S8 D16S16 D24S0 D24S1 D24S4 D24S8 D24S16 D32S0 D32S1 D32S4 D32S8 D32S16 Packed-D24S8 
13:15:29: FBO PF_FLOAT16_R depth/stencil support: D0S0 D0S1 D0S4 D0S8 D0S16 D16S0 D16S1 D16S4 D16S8 D16S16 D24S0 D24S1 D24S4 D24S8 D24S16 D32S0 D32S1 D32S4 D32S8 D32S16 Packed-D24S8 
13:15:29: FBO PF_FLOAT32_R depth/stencil support: D0S0 D0S1 D0S4 D0S8 D0S16 D16S0 D16S1 D16S4 D16S8 D16S16 D24S0 D24S1 D24S4 D24S8 D24S16 D32S0 D32S1 D32S4 D32S8 D32S16 Packed-D24S8 
13:15:29: FBO PF_SHORT_RGB depth/stencil support: D0S0 D0S1 D0S4 D0S8 D0S16 D16S0 D16S1 D16S4 D16S8 D16S16 D24S0 D24S1 D24S4 D24S8 D24S16 D32S0 D32S1 D32S4 D32S8 D32S16 Packed-D24S8 
13:15:29: [GL] : Valid FBO targets PF_UNKNOWN PF_L8 PF_L16 PF_A8 PF_R5G6B5 PF_B5G6R5 PF_A4R4G4B4 PF_A1R5G5B5 PF_R8G8B8 PF_B8G8R8 PF_A8R8G8B8 PF_B8G8R8A8 PF_A2R10G10B10 PF_A2B10G10R10 PF_FLOAT16_RGB PF_FLOAT16_RGBA PF_FLOAT32_RGBA PF_X8R8G8B8 PF_X8B8G8R8 PF_SHORT_RGBA PF_R3G3B2 PF_FLOAT16_R PF_FLOAT32_R PF_SHORT_RGB 
13:15:29: RenderSystem capabilities
13:15:29: -------------------------
13:15:29: RenderSystem Name: OpenGL Rendering Subsystem
13:15:29: GPU Vendor: intel
13:15:29: Device Name: Mesa DRI Intel(R) Haswell Mobile 
13:15:29: Driver Version: 3.0.0.0
13:15:29:  * Fixed function pipeline: yes
13:15:29:  * Hardware generation of mipmaps: no
13:15:29:  * Texture blending: yes
13:15:29:  * Anisotropic texture filtering: yes
13:15:29:  * Dot product texture operation: yes
13:15:29:  * Cube mapping: yes
13:15:29:  * Hardware stencil buffer: yes
13:15:29:    - Stencil depth: 8
13:15:29:    - Two sided stencil support: yes
13:15:29:    - Wrap stencil values: yes
13:15:29:  * Hardware vertex / index buffers: yes
13:15:29:  * 32-bit index buffers: yes
13:15:29:  * Vertex programs: yes
13:15:29:  * Number of floating-point constants for vertex programs: 4096
13:15:29:  * Number of integer constants for vertex programs: 0
13:15:29:  * Number of boolean constants for vertex programs: 0
13:15:29:  * Fragment programs: yes
13:15:29:  * Number of floating-point constants for fragment programs: 4096
13:15:29:  * Number of integer constants for fragment programs: 0
13:15:29:  * Number of boolean constants for fragment programs: 0
13:15:29:  * Geometry programs: no
13:15:29:  * Number of floating-point constants for geometry programs: 48316
13:15:29:  * Number of integer constants for geometry programs: 27324
13:15:29:  * Number of boolean constants for geometry programs: 47055
13:15:29:  * Tesselation Hull programs: no
13:15:29:  * Number of floating-point constants for tesselation hull programs: 32606
13:15:29:  * Number of integer constants for tesselation hull programs: 57785
13:15:29:  * Number of boolean constants for tesselation hull programs: 5647
13:15:29:  * Tesselation Domain programs: no
13:15:29:  * Number of floating-point constants for tesselation domain programs: 56933
13:15:29:  * Number of integer constants for tesselation domain programs: 30194
13:15:29:  * Number of boolean constants for tesselation domain programs: 1529
13:15:29:  * Compute programs: no
13:15:29:  * Number of floating-point constants for compute programs: 41017
13:15:29:  * Number of integer constants for compute programs: 23504
13:15:29:  * Number of boolean constants for compute programs: 26848
13:15:29:  * Supported Shader Profiles: arbfp1 arbvp1 glsl glsl100 glsl110 glsl120
13:15:29:  * Texture Compression: yes
13:15:29:    - DXT: yes
13:15:29:    - VTC: no
13:15:29:    - PVRTC: no
13:15:29:    - ATC: no
13:15:29:    - ETC1: no
13:15:29:    - ETC2: no
13:15:29:    - BC4/BC5: no
13:15:29:    - BC6H/BC7: no
13:15:29:  * Scissor Rectangle: yes
13:15:29:  * Hardware Occlusion Query: yes
13:15:29:  * User clip planes: yes
13:15:29:  * VET_UBYTE4 vertex element type: yes
13:15:29:  * Infinite far plane projection: yes
13:15:29:  * Hardware render-to-texture: yes
13:15:29:  * Floating point textures: yes
13:15:29:  * Non-power-of-two textures: yes
13:15:29:  * 1d textures: yes
13:15:29:  * Volume textures: yes
13:15:29:  * Multiple Render Targets: 8
13:15:29:    - With different bit depths: yes
13:15:29:  * Point Sprites: yes
13:15:29:  * Extended point parameters: yes
13:15:29:  * Max Point Size: 255
13:15:29:  * Vertex texture fetch: yes
13:15:29:  * Number of world matrices: 0
13:15:29:  * Number of texture units: 16
13:15:29:  * Stencil buffer depth: 8
13:15:29:  * Number of vertex blend matrices: 0
13:15:29:    - Max vertex textures: 32
13:15:29:    - Vertex textures shared: yes
13:15:29:  * Render to Vertex Buffer : no
13:15:29:  * Hardware Atomic Counters: no
13:15:29:  * GL 1.5 without VBO workaround: no
13:15:29:  * Frame Buffer objects: yes
13:15:29:  * Frame Buffer objects (ARB extension): no
13:15:29:  * Frame Buffer objects (ATI extension): no
13:15:29:  * PBuffer support: yes
13:15:29:  * GL 1.5 without HW-occlusion workaround: no
13:15:29:  * Vertex Array Objects: no
13:15:29:  * Separate shader objects: no
13:15:29: DefaultWorkQueue('Root') initialising on thread 7fb340bf2800.
13:15:29: Particle Renderer Type 'billboard' registered
13:15:29: DefaultWorkQueue('Root')::WorkerFunc - thread 7fb3226d8700 starting.
13:15:29: DefaultWorkQueue('Root')::WorkerFunc - thread 7fb322ed9700 starting.
13:15:29: DefaultWorkQueue('Root')::WorkerFunc - thread 7fb321ed7700 starting.
13:15:29: DefaultWorkQueue('Root')::WorkerFunc - thread 7fb3216d6700 starting.
13:15:29: Parsing scripts for resource group Autodetect
13:15:29: Finished parsing scripts for resource group Autodetect
13:15:29: Creating resources for group Autodetect
13:15:29: All done
13:15:29: Parsing scripts for resource group Essential
13:15:29: Parsing script SdkTrays.material
13:15:29: Finished parsing scripts for resource group Essential
13:15:29: Creating resources for group Essential
13:15:29: All done
13:15:29: Parsing scripts for resource group Fonts
13:15:29: Finished parsing scripts for resource group Fonts
13:15:29: Creating resources for group Fonts
13:15:29: All done
13:15:29: Parsing scripts for resource group General
13:15:29: Parsing script Sky.material
13:15:29: Parsing script Ogre.material
13:15:29: Parsing script Panel.material
13:15:29: Parsing script Smoke.material
13:15:29: Compiler error: invalid parameters in Smoke.material(12): diffuse requires 3 or 4 colour arguments, or a "vertexcolour" directive
13:15:29: Compiler error: invalid parameters in Smoke.material(34): diffuse requires 3 or 4 colour arguments, or a "vertexcolour" directive
13:15:29: Parsing script Ocean.material
13:15:29: Parsing script len1.material
13:15:29: Parsing script blender2ogre-export.material
13:15:29: Parsing script len2.material
13:15:29: Parsing script len3.material
13:15:29: Parsing script len4.material
13:15:29: Parsing script smoke.particle
13:15:29: Compiler error: invalid parameters in smoke.particle(56)
13:15:29: Finished parsing scripts for resource group General
13:15:29: Creating resources for group General
13:15:29: All done
13:15:29: Parsing scripts for resource group Imagesets
13:15:29: Finished parsing scripts for resource group Imagesets
13:15:29: Creating resources for group Imagesets
13:15:29: All done
13:15:29: Parsing scripts for resource group Internal
13:15:29: Finished parsing scripts for resource group Internal
13:15:29: Creating resources for group Internal
13:15:29: All done
13:15:29: Parsing scripts for resource group Layouts
13:15:29: Finished parsing scripts for resource group Layouts
13:15:29: Creating resources for group Layouts
13:15:29: All done
13:15:29: Parsing scripts for resource group LookNFeel
13:15:29: Finished parsing scripts for resource group LookNFeel
13:15:29: Creating resources for group LookNFeel
13:15:29: All done
13:15:29: Parsing scripts for resource group Lua_scripts
13:15:29: Finished parsing scripts for resource group Lua_scripts
13:15:29: Creating resources for group Lua_scripts
13:15:29: All done
13:15:29: Parsing scripts for resource group Schemes
13:15:29: Finished parsing scripts for resource group Schemes
13:15:29: Creating resources for group Schemes
13:15:29: All done
13:15:29: Texture: cloudy_noon_fr.jpg: Loading 1 faces(PF_R8G8B8,512x512x1) with 5 generated mipmaps from Image. Internal format is PF_X8R8G8B8,512x512x1.
13:15:29: Texture: cloudy_noon_bk.jpg: Loading 1 faces(PF_R8G8B8,512x512x1) with 5 generated mipmaps from Image. Internal format is PF_X8R8G8B8,512x512x1.
13:15:29: Texture: cloudy_noon_lf.jpg: Loading 1 faces(PF_R8G8B8,512x512x1) with 5 generated mipmaps from Image. Internal format is PF_X8R8G8B8,512x512x1.
13:15:29: Texture: cloudy_noon_rt.jpg: Loading 1 faces(PF_R8G8B8,512x512x1) with 5 generated mipmaps from Image. Internal format is PF_X8R8G8B8,512x512x1.
13:15:29: Texture: cloudy_noon_up.jpg: Loading 1 faces(PF_R8G8B8,512x512x1) with 5 generated mipmaps from Image. Internal format is PF_X8R8G8B8,512x512x1.
13:15:29: Texture: cloudy_noon_dn.jpg: Loading 1 faces(PF_R8G8B8,512x512x1) with 5 generated mipmaps from Image. Internal format is PF_X8R8G8B8,512x512x1.
13:15:29: Texture: waves2.dds: Loading 1 faces(PF_A8R8G8B8,256x256x1) with 5 generated mipmaps from Image. Internal format is PF_A8R8G8B8,256x256x1.
13:15:29: Texture: cloudy_noon.jpg: Loading 6 faces(PF_R8G8B8,512x512x1) with 5 generated mipmaps from multiple Images. Internal format is PF_X8R8G8B8,512x512x1.
13:15:29: Mesh: Loading cube.mesh.
13:15:29: Mesh: Loading Len1.mesh.
13:15:29: WARNING: Len1.mesh is an older format ([MeshSerializer_v1.41]); you should upgrade it as soon as possible using the OgreMeshUpgrade tool.
13:15:29: Texture: SAIL.TGA: Loading 1 faces(PF_R8G8B8,142x142x1) with 5 generated mipmaps from Image. Internal format is PF_X8R8G8B8,142x142x1.
13:15:29: Texture: MADERA.TGA: Loading 1 faces(PF_A8R8G8B8,369x82x1) with 5 generated mipmaps from Image. Internal format is PF_A8R8G8B8,369x82x1.
13:15:29: Texture: MADERA1.TGA: Loading 1 faces(PF_A8R8G8B8,483x67x1) with 5 generated mipmaps from Image. Internal format is PF_A8R8G8B8,483x67x1.
13:15:29: *** Initializing OIS ***
13:16:27: Mesh: Loading len2.mesh.
13:16:27: WARNING: len2.mesh is an older format ([MeshSerializer_v1.41]); you should upgrade it as soon as possible using the OgreMeshUpgrade tool.
13:16:27: Texture: DISCABOS.JPG: Loading 1 faces(PF_R8G8B8,337x46x1) with 5 generated mipmaps from Image. Internal format is PF_X8R8G8B8,337x46x1.
13:16:27: Texture: DISMADER.JPG: Loading 1 faces(PF_R8G8B8,1024x200x1) with 5 generated mipmaps from Image. Internal format is PF_X8R8G8B8,1024x200x1.
13:16:27: Texture: DISCAM.JPG: Loading 1 faces(PF_R8G8B8,674x510x1) with 5 generated mipmaps from Image. Internal format is PF_X8R8G8B8,674x510x1.
13:16:27: Texture: LIBOMAD4.JPG: Loading 1 faces(PF_R8G8B8,1024x200x1) with 5 generated mipmaps from Image. Internal format is PF_X8R8G8B8,1024x200x1.
13:16:27: Texture: LIBOMAD1.JPG: Loading 1 faces(PF_R8G8B8,1318x139x1) with 5 generated mipmaps from Image. Internal format is PF_X8R8G8B8,1318x139x1.
13:16:27: Texture: DISCUER.JPG: Loading 1 faces(PF_R8G8B8,756x512x1) with 5 generated mipmaps from Image. Internal format is PF_X8R8G8B8,756x512x1.
13:16:27: Texture: CEDFENCE.JPG: Loading 1 faces(PF_R8G8B8,756x512x1) with 5 generated mipmaps from Image. Internal format is PF_X8R8G8B8,756x512x1.
13:16:27: Texture: DISCUBIE.JPG: Loading 1 faces(PF_R8G8B8,126x533x1) with 5 generated mipmaps from Image. Internal format is PF_X8R8G8B8,126x533x1.
13:16:27: Texture: DISCUBI2.JPG: Loading 1 faces(PF_R8G8B8,533x139x1) with 5 generated mipmaps from Image. Internal format is PF_X8R8G8B8,533x139x1.
13:16:27: Texture: DISBANDE.JPG: Loading 1 faces(PF_R8G8B8,380x260x1) with 5 generated mipmaps from Image. Internal format is PF_X8R8G8B8,380x260x1.
13:16:34: Mesh: Loading len3.mesh.
13:16:35: WARNING: len3.mesh is an older format ([MeshSerializer_v1.41]); you should upgrade it as soon as possible using the OgreMeshUpgrade tool.
13:16:38: Mesh: Loading len4.mesh.
13:16:38: WARNING: len4.mesh is an older format ([MeshSerializer_v1.41]); you should upgrade it as soon as possible using the OgreMeshUpgrade tool.
13:16:38: Texture: DECK.JPG: Loading 1 faces(PF_R8G8B8,1600x394x1) with 5 generated mipmaps from Image. Internal format is PF_X8R8G8B8,1600x394x1.
13:16:38: Texture: DECKBMP.JPG: Loading 1 faces(PF_R8G8B8,1600x394x1) with 5 generated mipmaps from Image. Internal format is PF_X8R8G8B8,1600x394x1.
13:16:38: Texture: CABIN1.JPG: Loading 1 faces(PF_R8G8B8,431x431x1) with 5 generated mipmaps from Image. Internal format is PF_X8R8G8B8,431x431x1.
13:16:38: Texture: CABIN1B.JPG: Loading 1 faces(PF_R8G8B8,431x431x1) with 5 generated mipmaps from Image. Internal format is PF_X8R8G8B8,431x431x1.
13:16:38: Texture: CABIN2.JPG: Loading 1 faces(PF_R8G8B8,802x455x1) with 5 generated mipmaps from Image. Internal format is PF_X8R8G8B8,802x455x1.
13:16:38: Texture: CABIN2B.JPG: Loading 1 faces(PF_R8G8B8,802x455x1) with 5 generated mipmaps from Image. Internal format is PF_X8R8G8B8,802x455x1.
13:16:38: Texture: CABIN3.JPG: Loading 1 faces(PF_R8G8B8,499x483x1) with 5 generated mipmaps from Image. Internal format is PF_X8R8G8B8,499x483x1.
13:16:38: Texture: CABIN3B.JPG: Loading 1 faces(PF_R8G8B8,499x483x1) with 5 generated mipmaps from Image. Internal format is PF_X8R8G8B8,499x483x1.
13:16:38: Texture: WOOD03.JPG: Loading 1 faces(PF_R8G8B8,400x322x1) with 5 generated mipmaps from Image. Internal format is PF_X8R8G8B8,400x322x1.
13:16:38: Can't assign material anchor wood to SubEntity of Ogre/MO270 because this Material does not exist. Have you forgotten to define it in a .material script?
13:16:38: Texture: WOOD06.JPG: Loading 1 faces(PF_R8G8B8,400x296x1) with 5 generated mipmaps from Image. Internal format is PF_X8R8G8B8,400x296x1.
13:16:38: Texture: WOOD02.JPG: Loading 1 faces(PF_R8G8B8,400x296x1) with 5 generated mipmaps from Image. Internal format is PF_X8R8G8B8,400x296x1.
13:16:38: Texture: GRATING.JPG: Loading 1 faces(PF_R8G8B8,366x259x1) with 5 generated mipmaps from Image. Internal format is PF_X8R8G8B8,366x259x1.
13:16:38: Texture: GRATEB.JPG: Loading 1 faces(PF_R8G8B8,366x259x1) with 5 generated mipmaps from Image. Internal format is PF_X8R8G8B8,366x259x1.
13:16:38: Texture: WOOD01.JPG: Loading 1 faces(PF_R8G8B8,725x291x1) with 5 generated mipmaps from Image. Internal format is PF_X8R8G8B8,725x291x1.
13:16:38: Texture: WOOD05.JPG: Loading 1 faces(PF_R8G8B8,400x299x1) with 5 generated mipmaps from Image. Internal format is PF_X8R8G8B8,400x299x1.
13:16:38: Texture: SKYLITE.JPG: Loading 1 faces(PF_R8G8B8,288x576x1) with 5 generated mipmaps from Image. Internal format is PF_X8R8G8B8,288x576x1.
13:16:38: Texture: SKYLITE2.JPG: Loading 1 faces(PF_R8G8B8,78x576x1) with 5 generated mipmaps from Image. Internal format is PF_X8R8G8B8,78x576x1.
13:16:38: Can't assign material Gold Trim to SubEntity of Ogre/MO270 because this Material does not exist. Have you forgotten to define it in a .material script?
13:16:38: Texture: BULKHD.JPG: Loading 1 faces(PF_R8G8B8,640x202x1) with 5 generated mipmaps from Image. Internal format is PF_X8R8G8B8,640x202x1.
13:16:38: Texture: BULKHD2.JPG: Loading 1 faces(PF_R8G8B8,256x202x1) with 5 generated mipmaps from Image. Internal format is PF_X8R8G8B8,256x202x1.
13:16:38: Texture: WOOD04.JPG: Loading 1 faces(PF_R8G8B8,400x343x1) with 5 generated mipmaps from Image. Internal format is PF_X8R8G8B8,400x343x1.
13:16:38: Texture: STERNS.JPG: Loading 1 faces(PF_R8G8B8,640x791x1) with 5 generated mipmaps from Image. Internal format is PF_X8R8G8B8,640x791x1.
13:16:39: Texture: STERNSB.JPG: Loading 1 faces(PF_R8G8B8,640x791x1) with 5 generated mipmaps from Image. Internal format is PF_X8R8G8B8,640x791x1.
13:16:39: Texture: STERNE.JPG: Loading 1 faces(PF_R8G8B8,1311x1024x1) with 5 generated mipmaps from Image. Internal format is PF_X8R8G8B8,1311x1024x1.
13:16:39: Texture: STERNEB.JPG: Loading 1 faces(PF_R8G8B8,1311x1024x1) with 5 generated mipmaps from Image. Internal format is PF_X8R8G8B8,1311x1024x1.
13:16:39: Texture: GTRIMB.JPG: Loading 1 faces(PF_R8G8B8,175x156x1) with 5 generated mipmaps from Image. Internal format is PF_X8R8G8B8,175x156x1.
13:16:39: Can't assign material sb doorf to SubEntity of Ogre/MO270 because this Material does not exist. Have you forgotten to define it in a .material script?
13:16:39: Can't assign material sb doors to SubEntity of Ogre/MO270 because this Material does not exist. Have you forgotten to define it in a .material script?
13:16:39: Can't assign material red trim2 to SubEntity of Ogre/MO270 because this Material does not exist. Have you forgotten to define it in a .material script?
13:16:39: Can't assign material gp cover1 to SubEntity of Ogre/MO270 because this Material does not exist. Have you forgotten to define it in a .material script?
13:16:39: Can't assign material red trim1 to SubEntity of Ogre/MO270 because this Material does not exist. Have you forgotten to define it in a .material script?
13:16:39: Can't assign material boat outside to SubEntity of Ogre/MO270 because this Material does not exist. Have you forgotten to define it in a .material script?
13:16:39: Can't assign material boat inside to SubEntity of Ogre/MO270 because this Material does not exist. Have you forgotten to define it in a .material script?
13:16:39: Texture: BOATOUT.JPG: Loading 1 faces(PF_R8G8B8,800x400x1) with 5 generated mipmaps from Image. Internal format is PF_X8R8G8B8,800x400x1.
13:16:39: Texture: MAST.JPG: Loading 1 faces(PF_R8G8B8,57x1086x1) with 5 generated mipmaps from Image. Internal format is PF_X8R8G8B8,57x1086x1.
13:16:39: Texture: TOPS.JPG: Loading 1 faces(PF_R8G8B8,627x476x1) with 5 generated mipmaps from Image. Internal format is PF_X8R8G8B8,627x476x1.
13:16:39: Texture: TOPSB.JPG: Loading 1 faces(PF_R8G8B8,627x476x1) with 5 generated mipmaps from Image. Internal format is PF_X8R8G8B8,627x476x1.
13:16:39: Texture: BOWGRAT.JPG: Loading 1 faces(PF_R8G8B8,236x500x1) with 5 generated mipmaps from Image. Internal format is PF_X8R8G8B8,236x500x1.
13:16:39: Texture: BOWGRATB.JPG: Loading 1 faces(PF_R8G8B8,236x500x1) with 5 generated mipmaps from Image. Internal format is PF_X8R8G8B8,236x500x1.
13:16:39: Can't assign material anchor metal to SubEntity of Ogre/MO270 because this Material does not exist. Have you forgotten to define it in a .material script?
13:16:39: Texture: MEDRUST3.JPG: Loading 1 faces(PF_R8G8B8,400x271x1) with 5 generated mipmaps from Image. Internal format is PF_X8R8G8B8,400x271x1.
13:16:39: Texture: RIDGE.JPG: Loading 1 faces(PF_R8G8B8,87x59x1) with 5 generated mipmaps from Image. Internal format is PF_X8R8G8B8,87x59x1.
13:16:39: Can't assign material gp cover2 to SubEntity of Ogre/MO270 because this Material does not exist. Have you forgotten to define it in a .material script?
13:16:39: Texture: SAIL0.JPG: Loading 1 faces(PF_R8G8B8,1276x656x1) with 5 generated mipmaps from Image. Internal format is PF_X8R8G8B8,1276x656x1.
13:16:39: Texture: SAILDU1.JPG: Loading 1 faces(PF_R8G8B8,1276x1024x1) with 5 generated mipmaps from Image. Internal format is PF_X8R8G8B8,1276x1024x1.
13:16:39: Texture: SAILDU2.JPG: Loading 1 faces(PF_R8G8B8,1276x1024x1) with 5 generated mipmaps from Image. Internal format is PF_X8R8G8B8,1276x1024x1.
13:16:39: Texture: SAILS.JPG: Loading 1 faces(PF_R8G8B8,1276x1024x1) with 5 generated mipmaps from Image. Internal format is PF_X8R8G8B8,1276x1024x1.
13:16:39: Texture: SAIL1.JPG: Loading 1 faces(PF_R8G8B8,1276x729x1) with 5 generated mipmaps from Image. Internal format is PF_X8R8G8B8,1276x729x1.
13:16:39: Texture: SAIL2.JPG: Loading 1 faces(PF_R8G8B8,1276x851x1) with 5 generated mipmaps from Image. Internal format is PF_X8R8G8B8,1276x851x1.
13:16:39: Texture: SAILDL2.JPG: Loading 1 faces(PF_R8G8B8,1276x1024x1) with 5 generated mipmaps from Image. Internal format is PF_X8R8G8B8,1276x1024x1.
13:16:39: Texture: BSAIL.JPG: Loading 1 faces(PF_R8G8B8,1276x650x1) with 5 generated mipmaps from Image. Internal format is PF_X8R8G8B8,1276x650x1.
13:16:39: Texture: BRITFLG.JPG: Loading 1 faces(PF_R8G8B8,400x299x1) with 5 generated mipmaps from Image. Internal format is PF_X8R8G8B8,400x299x1.
13:16:39: Texture: BRITFLG3.JPG: Loading 1 faces(PF_R8G8B8,800x99x1) with 5 generated mipmaps from Image. Internal format is PF_X8R8G8B8,800x99x1.
13:16:39: Texture: BRITFLG2.JPG: Loading 1 faces(PF_R8G8B8,400x304x1) with 5 generated mipmaps from Image. Internal format is PF_X8R8G8B8,400x304x1.
13:16:39: Texture: BRITFLG1.JPG: Loading 1 faces(PF_R8G8B8,400x300x1) with 5 generated mipmaps from Image. Internal format is PF_X8R8G8B8,400x300x1.
13:16:39: Texture: SAIL2H.JPG: Loading 1 faces(PF_R8G8B8,496x656x1) with 5 generated mipmaps from Image. Internal format is PF_X8R8G8B8,496x656x1.
13:16:39: Texture: SAILDH.JPG: Loading 1 faces(PF_R8G8B8,481x1024x1) with 5 generated mipmaps from Image. Internal format is PF_X8R8G8B8,481x1024x1.
13:16:39: Can't assign material Material #4648 to SubEntity of Ogre/MO270 because this Material does not exist. Have you forgotten to define it in a .material script?
13:16:39: Can't assign material gp cover to SubEntity of Ogre/MO270 because this Material does not exist. Have you forgotten to define it in a .material script?
13:16:39: Can't assign material upper hull1 to SubEntity of Ogre/MO270 because this Material does not exist. Have you forgotten to define it in a .material script?
13:16:39: Can't assign material red trim21 to SubEntity of Ogre/MO270 because this Material does not exist. Have you forgotten to define it in a .material script?
13:16:39: Can't assign material Inner Hull to SubEntity of Ogre/MO270 because this Material does not exist. Have you forgotten to define it in a .material script?
13:16:39: Can't assign material lower hull1 to SubEntity of Ogre/MO270 because this Material does not exist. Have you forgotten to define it in a .material script?
13:16:39: Can't assign material upper hull2 to SubEntity of Ogre/MO270 because this Material does not exist. Have you forgotten to define it in a .material script?
13:16:39: Texture: KEEL.JPG: Loading 1 faces(PF_R8G8B8,162x227x1) with 5 generated mipmaps from Image. Internal format is PF_X8R8G8B8,162x227x1.
13:16:39: Texture: KEELB.JPG: Loading 1 faces(PF_R8G8B8,162x227x1) with 5 generated mipmaps from Image. Internal format is PF_X8R8G8B8,162x227x1.
13:16:39: Texture: BOWGRAT2.JPG: Loading 1 faces(PF_R8G8B8,812x537x1) with 5 generated mipmaps from Image. Internal format is PF_X8R8G8B8,812x537x1.
13:16:39: Texture: BOWGRA2B.JPG: Loading 1 faces(PF_R8G8B8,812x537x1) with 5 generated mipmaps from Image. Internal format is PF_X8R8G8B8,812x537x1.
13:16:39: Can't assign material Gold Trim1 to SubEntity of Ogre/MO270 because this Material does not exist. Have you forgotten to define it in a .material script?
13:16:39: Texture: SHIELD.JPG: Loading 1 faces(PF_R8G8B8,283x317x1) with 5 generated mipmaps from Image. Internal format is PF_X8R8G8B8,283x317x1.
13:16:39: Texture: SHIELDB.JPG: Loading 1 faces(PF_R8G8B8,283x317x1) with 5 generated mipmaps from Image. Internal format is PF_X8R8G8B8,283x317x1.
13:16:39: Can't assign material wood dark to SubEntity of Ogre/MO270 because this Material does not exist. Have you forgotten to define it in a .material script?
13:16:39: Texture: CROWN.JPG: Loading 1 faces(PF_R8G8B8,283x317x1) with 5 generated mipmaps from Image. Internal format is PF_X8R8G8B8,283x317x1.
13:16:39: Texture: CROWNB.JPG: Loading 1 faces(PF_R8G8B8,283x317x1) with 5 generated mipmaps from Image. Internal format is PF_X8R8G8B8,283x317x1.
13:16:39: Texture: STUCCO.JPG: Loading 1 faces(PF_R8G8B8,300x300x1) with 5 generated mipmaps from Image. Internal format is PF_X8R8G8B8,300x300x1.
13:16:39: Texture: RTRIM.JPG: Loading 1 faces(PF_R8G8B8,402x375x1) with 5 generated mipmaps from Image. Internal format is PF_X8R8G8B8,402x375x1.
13:16:39: Can't assign material red trim4 to SubEntity of Ogre/MO270 because this Material does not exist. Have you forgotten to define it in a .material script?
13:16:39: Texture: CATHEAD.JPG: Loading 1 faces(PF_R8G8B8,184x32x1) with 5 generated mipmaps from Image. Internal format is PF_X8R8G8B8,184x32x1.
13:16:39: Can't assign material sb door to SubEntity of Ogre/MO270 because this Material does not exist. Have you forgotten to define it in a .material script?
13:16:39: Can't assign material sb doorf1 to SubEntity of Ogre/MO270 because this Material does not exist. Have you forgotten to define it in a .material script?
13:16:39: Can't assign material sb doors1 to SubEntity of Ogre/MO270 because this Material does not exist. Have you forgotten to define it in a .material script?
13:16:39: Texture: HAMNET.JPG: Loading 1 faces(PF_L8,573x317x1) with 5 generated mipmaps from Image. Internal format is PF_L8,573x317x1.
13:16:39: Can't assign material black squares to SubEntity of Ogre/MO270 because this Material does not exist. Have you forgotten to define it in a .material script?
13:16:39: Can't assign material upper hull to SubEntity of Ogre/MO270 because this Material does not exist. Have you forgotten to define it in a .material script?
13:16:39: Can't assign material lower hull to SubEntity of Ogre/MO270 because this Material does not exist. Have you forgotten to define it in a .material script?
13:16:42: Can't assign material anchor wood to SubEntity of Ogre/MO274 because this Material does not exist. Have you forgotten to define it in a .material script?
13:16:42: Can't assign material Gold Trim to SubEntity of Ogre/MO274 because this Material does not exist. Have you forgotten to define it in a .material script?
13:16:42: Can't assign material sb doorf to SubEntity of Ogre/MO274 because this Material does not exist. Have you forgotten to define it in a .material script?
13:16:42: Can't assign material sb doors to SubEntity of Ogre/MO274 because this Material does not exist. Have you forgotten to define it in a .material script?
13:16:42: Can't assign material red trim2 to SubEntity of Ogre/MO274 because this Material does not exist. Have you forgotten to define it in a .material script?
13:16:42: Can't assign material gp cover1 to SubEntity of Ogre/MO274 because this Material does not exist. Have you forgotten to define it in a .material script?
13:16:42: Can't assign material red trim1 to SubEntity of Ogre/MO274 because this Material does not exist. Have you forgotten to define it in a .material script?
13:16:42: Can't assign material boat outside to SubEntity of Ogre/MO274 because this Material does not exist. Have you forgotten to define it in a .material script?
13:16:42: Can't assign material boat inside to SubEntity of Ogre/MO274 because this Material does not exist. Have you forgotten to define it in a .material script?
13:16:42: Can't assign material anchor metal to SubEntity of Ogre/MO274 because this Material does not exist. Have you forgotten to define it in a .material script?
13:16:42: Can't assign material gp cover2 to SubEntity of Ogre/MO274 because this Material does not exist. Have you forgotten to define it in a .material script?
13:16:42: Can't assign material Material #4648 to SubEntity of Ogre/MO274 because this Material does not exist. Have you forgotten to define it in a .material script?
13:16:42: Can't assign material gp cover to SubEntity of Ogre/MO274 because this Material does not exist. Have you forgotten to define it in a .material script?
13:16:42: Can't assign material upper hull1 to SubEntity of Ogre/MO274 because this Material does not exist. Have you forgotten to define it in a .material script?
13:16:42: Can't assign material red trim21 to SubEntity of Ogre/MO274 because this Material does not exist. Have you forgotten to define it in a .material script?
13:16:42: Can't assign material Inner Hull to SubEntity of Ogre/MO274 because this Material does not exist. Have you forgotten to define it in a .material script?
13:16:42: Can't assign material lower hull1 to SubEntity of Ogre/MO274 because this Material does not exist. Have you forgotten to define it in a .material script?
13:16:42: Can't assign material upper hull2 to SubEntity of Ogre/MO274 because this Material does not exist. Have you forgotten to define it in a .material script?
13:16:42: Can't assign material Gold Trim1 to SubEntity of Ogre/MO274 because this Material does not exist. Have you forgotten to define it in a .material script?
13:16:42: Can't assign material wood dark to SubEntity of Ogre/MO274 because this Material does not exist. Have you forgotten to define it in a .material script?
13:16:42: Can't assign material red trim4 to SubEntity of Ogre/MO274 because this Material does not exist. Have you forgotten to define it in a .material script?
13:16:42: Can't assign material sb door to SubEntity of Ogre/MO274 because this Material does not exist. Have you forgotten to define it in a .material script?
13:16:42: Can't assign material sb doorf1 to SubEntity of Ogre/MO274 because this Material does not exist. Have you forgotten to define it in a .material script?
13:16:42: Can't assign material sb doors1 to SubEntity of Ogre/MO274 because this Material does not exist. Have you forgotten to define it in a .material script?
13:16:42: Can't assign material black squares to SubEntity of Ogre/MO274 because this Material does not exist. Have you forgotten to define it in a .material script?
13:16:42: Can't assign material upper hull to SubEntity of Ogre/MO274 because this Material does not exist. Have you forgotten to define it in a .material script?
13:16:42: Can't assign material lower hull to SubEntity of Ogre/MO274 because this Material does not exist. Have you forgotten to define it in a .material script?
13:16:42: Can't assign material anchor wood to SubEntity of Ogre/MO278 because this Material does not exist. Have you forgotten to define it in a .material script?
13:16:42: Can't assign material Gold Trim to SubEntity of Ogre/MO278 because this Material does not exist. Have you forgotten to define it in a .material script?
13:16:42: Can't assign material sb doorf to SubEntity of Ogre/MO278 because this Material does not exist. Have you forgotten to define it in a .material script?
13:16:42: Can't assign material sb doors to SubEntity of Ogre/MO278 because this Material does not exist. Have you forgotten to define it in a .material script?
13:16:42: Can't assign material red trim2 to SubEntity of Ogre/MO278 because this Material does not exist. Have you forgotten to define it in a .material script?
13:16:42: Can't assign material gp cover1 to SubEntity of Ogre/MO278 because this Material does not exist. Have you forgotten to define it in a .material script?
13:16:42: Can't assign material red trim1 to SubEntity of Ogre/MO278 because this Material does not exist. Have you forgotten to define it in a .material script?
13:16:42: Can't assign material boat outside to SubEntity of Ogre/MO278 because this Material does not exist. Have you forgotten to define it in a .material script?
13:16:42: Can't assign material boat inside to SubEntity of Ogre/MO278 because this Material does not exist. Have you forgotten to define it in a .material script?
13:16:42: Can't assign material anchor metal to SubEntity of Ogre/MO278 because this Material does not exist. Have you forgotten to define it in a .material script?
13:16:42: Can't assign material gp cover2 to SubEntity of Ogre/MO278 because this Material does not exist. Have you forgotten to define it in a .material script?
13:16:42: Can't assign material Material #4648 to SubEntity of Ogre/MO278 because this Material does not exist. Have you forgotten to define it in a .material script?
13:16:42: Can't assign material gp cover to SubEntity of Ogre/MO278 because this Material does not exist. Have you forgotten to define it in a .material script?
13:16:42: Can't assign material upper hull1 to SubEntity of Ogre/MO278 because this Material does not exist. Have you forgotten to define it in a .material script?
13:16:42: Can't assign material red trim21 to SubEntity of Ogre/MO278 because this Material does not exist. Have you forgotten to define it in a .material script?
13:16:42: Can't assign material Inner Hull to SubEntity of Ogre/MO278 because this Material does not exist. Have you forgotten to define it in a .material script?
13:16:42: Can't assign material lower hull1 to SubEntity of Ogre/MO278 because this Material does not exist. Have you forgotten to define it in a .material script?
13:16:42: Can't assign material upper hull2 to SubEntity of Ogre/MO278 because this Material does not exist. Have you forgotten to define it in a .material script?
13:16:42: Can't assign material Gold Trim1 to SubEntity of Ogre/MO278 because this Material does not exist. Have you forgotten to define it in a .material script?
13:16:42: Can't assign material wood dark to SubEntity of Ogre/MO278 because this Material does not exist. Have you forgotten to define it in a .material script?
13:16:42: Can't assign material red trim4 to SubEntity of Ogre/MO278 because this Material does not exist. Have you forgotten to define it in a .material script?
13:16:42: Can't assign material sb door to SubEntity of Ogre/MO278 because this Material does not exist. Have you forgotten to define it in a .material script?
13:16:42: Can't assign material sb doorf1 to SubEntity of Ogre/MO278 because this Material does not exist. Have you forgotten to define it in a .material script?
13:16:42: Can't assign material sb doors1 to SubEntity of Ogre/MO278 because this Material does not exist. Have you forgotten to define it in a .material script?
13:16:42: Can't assign material black squares to SubEntity of Ogre/MO278 because this Material does not exist. Have you forgotten to define it in a .material script?
13:16:42: Can't assign material upper hull to SubEntity of Ogre/MO278 because this Material does not exist. Have you forgotten to define it in a .material script?
13:16:42: Can't assign material lower hull to SubEntity of Ogre/MO278 because this Material does not exist. Have you forgotten to define it in a .material script?
13:16:47: Texture: smoke_w.png: Loading 1 faces(PF_A8R8G8B8,256x256x1) with 5 generated mipmaps from Image. Internal format is PF_A8R8G8B8,256x256x1.
13:17:57: Texture: smoke_y.png: Loading 1 faces(PF_A8R8G8B8,256x256x1) with 5 generated mipmaps from Image. Internal format is PF_A8R8G8B8,256x256x1.
13:18:17: Can't assign material anchor wood to SubEntity of Ogre/MO281 because this Material does not exist. Have you forgotten to define it in a .material script?
13:18:17: Can't assign material Gold Trim to SubEntity of Ogre/MO281 because this Material does not exist. Have you forgotten to define it in a .material script?
13:18:17: Can't assign material sb doorf to SubEntity of Ogre/MO281 because this Material does not exist. Have you forgotten to define it in a .material script?
13:18:17: Can't assign material sb doors to SubEntity of Ogre/MO281 because this Material does not exist. Have you forgotten to define it in a .material script?
13:18:17: Can't assign material red trim2 to SubEntity of Ogre/MO281 because this Material does not exist. Have you forgotten to define it in a .material script?
13:18:17: Can't assign material gp cover1 to SubEntity of Ogre/MO281 because this Material does not exist. Have you forgotten to define it in a .material script?
13:18:17: Can't assign material red trim1 to SubEntity of Ogre/MO281 because this Material does not exist. Have you forgotten to define it in a .material script?
13:18:17: Can't assign material boat outside to SubEntity of Ogre/MO281 because this Material does not exist. Have you forgotten to define it in a .material script?
13:18:17: Can't assign material boat inside to SubEntity of Ogre/MO281 because this Material does not exist. Have you forgotten to define it in a .material script?
13:18:17: Can't assign material anchor metal to SubEntity of Ogre/MO281 because this Material does not exist. Have you forgotten to define it in a .material script?
13:18:17: Can't assign material gp cover2 to SubEntity of Ogre/MO281 because this Material does not exist. Have you forgotten to define it in a .material script?
13:18:17: Can't assign material Material #4648 to SubEntity of Ogre/MO281 because this Material does not exist. Have you forgotten to define it in a .material script?
13:18:17: Can't assign material gp cover to SubEntity of Ogre/MO281 because this Material does not exist. Have you forgotten to define it in a .material script?
13:18:17: Can't assign material upper hull1 to SubEntity of Ogre/MO281 because this Material does not exist. Have you forgotten to define it in a .material script?
13:18:17: Can't assign material red trim21 to SubEntity of Ogre/MO281 because this Material does not exist. Have you forgotten to define it in a .material script?
13:18:17: Can't assign material Inner Hull to SubEntity of Ogre/MO281 because this Material does not exist. Have you forgotten to define it in a .material script?
13:18:17: Can't assign material lower hull1 to SubEntity of Ogre/MO281 because this Material does not exist. Have you forgotten to define it in a .material script?
13:18:17: Can't assign material upper hull2 to SubEntity of Ogre/MO281 because this Material does not exist. Have you forgotten to define it in a .material script?
13:18:17: Can't assign material Gold Trim1 to SubEntity of Ogre/MO281 because this Material does not exist. Have you forgotten to define it in a .material script?
13:18:17: Can't assign material wood dark to SubEntity of Ogre/MO281 because this Material does not exist. Have you forgotten to define it in a .material script?
13:18:17: Can't assign material red trim4 to SubEntity of Ogre/MO281 because this Material does not exist. Have you forgotten to define it in a .material script?
13:18:17: Can't assign material sb door to SubEntity of Ogre/MO281 because this Material does not exist. Have you forgotten to define it in a .material script?
13:18:17: Can't assign material sb doorf1 to SubEntity of Ogre/MO281 because this Material does not exist. Have you forgotten to define it in a .material script?
13:18:17: Can't assign material sb doors1 to SubEntity of Ogre/MO281 because this Material does not exist. Have you forgotten to define it in a .material script?
13:18:17: Can't assign material black squares to SubEntity of Ogre/MO281 because this Material does not exist. Have you forgotten to define it in a .material script?
13:18:17: Can't assign material upper hull to SubEntity of Ogre/MO281 because this Material does not exist. Have you forgotten to define it in a .material script?
13:18:17: Can't assign material lower hull to SubEntity of Ogre/MO281 because this Material does not exist. Have you forgotten to define it in a .material script?
